2009-07-27 14:50:57,428 [DEBUG] org.springframework.test.context.junit4.SpringJUnit4ClassRunner SpringJUnit4ClassRunner constructor called with [class dart.blackcat.talker.AppTest]. at org.springframework.test.context.junit4.SpringJUnit4ClassRunner.<init>(SpringJUnit4ClassRunner.java:78)
2009-07-27 14:50:57,503 [ INFO] org.springframework.test.context.TestContextManager @TestExecutionListeners is not present for class [class dart.blackcat.talker.AppTest]: using defaults. at org.springframework.test.context.TestContextManager.retrieveTestExecutionListeners(TestContextManager.java:167)
2009-07-27 14:50:57,588 [DEBUG] org.springframework.test.context.junit4.SpringJUnit4ClassRunner Invoking test method [public void dart.blackcat.talker.AppTest.main()] at org.springframework.test.context.junit4.SpringJUnit4ClassRunner.invokeTestMethod(SpringJUnit4ClassRunner.java:139)
2009-07-27 14:50:57,614 [DEBUG] org.springframework.test.context.support.DependencyInjectionTestExecutionListener Performing dependency injection for test context [[TestContext@13d93f4 testClass = AppTest, locations = array<String>['classpath:/dart/blackcat/talker/context.xml'], testInstance = dart.blackcat.talker.AppTest@1bca5f1, testMethod = [null], testException = [null]]]. at org.springframework.test.context.support.DependencyInjectionTestExecutionListener.prepareTestInstance(DependencyInjectionTestExecutionListener.java:73)
2009-07-27 14:50:57,615 [DEBUG] org.springframework.test.context.support.AbstractGenericContextLoader Loading ApplicationContext for locations [classpath:/dart/blackcat/talker/context.xml]. at org.springframework.test.context.support.AbstractGenericContextLoader.loadContext(AbstractGenericContextLoader.java:75)
2009-07-27 14:50:57,729 [ INFO] org.springframework.beans.factory.xml.XmlBeanDefinitionReader Loading XML bean definitions from class path resource [dart/blackcat/talker/context.xml] at org.springframework.beans.factory.xml.XmlBeanDefinitionReader.loadBeanDefinitions(XmlBeanDefinitionReader.java:323)
2009-07-27 14:50:57,733 [ERROR] org.springframework.test.context.TestContextManager Caught exception while allowing TestExecutionListener [org.springframework.test.context.support.DependencyInjectionTestExecutionListener@f7f540] to prepare test instance [dart.blackcat.talker.AppTest@1bca5f1] at org.springframework.test.context.TestContextManager.prepareTestInstance(TestContextManager.java:258)
java.lang.IllegalStateException: Failed to load ApplicationContext
	at org.springframework.test.context.TestContext.getApplicationContext(TestContext.java:201)
	at org.springframework.test.context.support.DependencyInjectionTestExecutionListener.injectDependencies(DependencyInjectionTestExecutionListener.java:109)
	at org.springframework.test.context.support.DependencyInjectionTestExecutionListener.prepareTestInstance(DependencyInjectionTestExecutionListener.java:75)
	at org.springframework.test.context.TestContextManager.prepareTestInstance(TestContextManager.java:255)
	at org.springframework.test.context.junit4.SpringJUnit4ClassRunner.createTest(SpringJUnit4ClassRunner.java:111)
	at org.springframework.test.context.junit4.SpringJUnit4ClassRunner.invokeTestMethod(SpringJUnit4ClassRunner.java:148)
	at org.junit.internal.runners.JUnit4ClassRunner.runMethods(JUnit4ClassRunner.java:51)
	at org.junit.internal.runners.JUnit4ClassRunner$1.run(JUnit4ClassRunner.java:44)
	at org.junit.internal.runners.ClassRoadie.runUnprotected(ClassRoadie.java:27)
	at org.junit.internal.runners.ClassRoadie.runProtected(ClassRoadie.java:37)
	at org.junit.internal.runners.JUnit4ClassRunner.run(JUnit4ClassRunner.java:42)
	at org.springframework.test.context.junit4.SpringJUnit4ClassRunner.run(SpringJUnit4ClassRunner.java:97)
	at org.eclipse.jdt.internal.junit4.runner.JUnit4TestReference.run(JUnit4TestReference.java:45)
	at org.eclipse.jdt.internal.junit.runner.TestExecution.run(TestExecution.java:38)
	at org.eclipse.jdt.internal.junit.runner.RemoteTestRunner.runTests(RemoteTestRunner.java:460)
	at org.eclipse.jdt.internal.junit.runner.RemoteTestRunner.runTests(RemoteTestRunner.java:673)
	at org.eclipse.jdt.internal.junit.runner.RemoteTestRunner.run(RemoteTestRunner.java:386)
	at org.eclipse.jdt.internal.junit.runner.RemoteTestRunner.main(RemoteTestRunner.java:196)
Caused by: org.springframework.beans.factory.BeanDefinitionStoreException: IOException parsing XML document from class path resource [dart/blackcat/talker/context.xml]; nested exception is java.io.FileNotFoundException: class path resource [dart/blackcat/talker/context.xml] cannot be opened because it does not exist
	at org.springframework.beans.factory.xml.XmlBeanDefinitionReader.loadBeanDefinitions(XmlBeanDefinitionReader.java:349)
	at org.springframework.beans.factory.xml.XmlBeanDefinitionReader.loadBeanDefinitions(XmlBeanDefinitionReader.java:310)
	at org.springframework.beans.factory.support.AbstractBeanDefinitionReader.loadBeanDefinitions(AbstractBeanDefinitionReader.java:143)
	at org.springframework.beans.factory.support.AbstractBeanDefinitionReader.loadBeanDefinitions(AbstractBeanDefinitionReader.java:178)
	at org.springframework.beans.factory.support.AbstractBeanDefinitionReader.loadBeanDefinitions(AbstractBeanDefinitionReader.java:149)
	at org.springframework.beans.factory.support.AbstractBeanDefinitionReader.loadBeanDefinitions(AbstractBeanDefinitionReader.java:212)
	at org.springframework.test.context.support.AbstractGenericContextLoader.loadContext(AbstractGenericContextLoader.java:81)
	at org.springframework.test.context.support.AbstractGenericContextLoader.loadContext(AbstractGenericContextLoader.java:42)
	at org.springframework.test.context.TestContext.loadApplicationContext(TestContext.java:173)
	at org.springframework.test.context.TestContext.getApplicationContext(TestContext.java:197)
	... 17 more
Caused by: java.io.FileNotFoundException: class path resource [dart/blackcat/talker/context.xml] cannot be opened because it does not exist
	at org.springframework.core.io.ClassPathResource.getInputStream(ClassPathResource.java:143)
	at org.springframework.beans.factory.xml.XmlBeanDefinitionReader.loadBeanDefinitions(XmlBeanDefinitionReader.java:336)
	... 26 more
2009-07-27 14:51:18,372 [DEBUG] org.springframework.test.context.junit4.SpringJUnit4ClassRunner SpringJUnit4ClassRunner constructor called with [class dart.blackcat.talker.AppTest]. at org.springframework.test.context.junit4.SpringJUnit4ClassRunner.<init>(SpringJUnit4ClassRunner.java:78)
2009-07-27 14:51:18,419 [ INFO] org.springframework.test.context.TestContextManager @TestExecutionListeners is not present for class [class dart.blackcat.talker.AppTest]: using defaults. at org.springframework.test.context.TestContextManager.retrieveTestExecutionListeners(TestContextManager.java:167)
2009-07-27 14:51:18,457 [DEBUG] org.springframework.test.context.junit4.SpringJUnit4ClassRunner Invoking test method [public void dart.blackcat.talker.AppTest.main()] at org.springframework.test.context.junit4.SpringJUnit4ClassRunner.invokeTestMethod(SpringJUnit4ClassRunner.java:139)
2009-07-27 14:51:18,463 [DEBUG] org.springframework.test.context.support.DependencyInjectionTestExecutionListener Performing dependency injection for test context [[TestContext@13d93f4 testClass = AppTest, locations = array<String>['classpath:context.xml'], testInstance = dart.blackcat.talker.AppTest@1bca5f1, testMethod = [null], testException = [null]]]. at org.springframework.test.context.support.DependencyInjectionTestExecutionListener.prepareTestInstance(DependencyInjectionTestExecutionListener.java:73)
2009-07-27 14:51:18,464 [DEBUG] org.springframework.test.context.support.AbstractGenericContextLoader Loading ApplicationContext for locations [classpath:context.xml]. at org.springframework.test.context.support.AbstractGenericContextLoader.loadContext(AbstractGenericContextLoader.java:75)
2009-07-27 14:51:18,566 [ INFO] org.springframework.beans.factory.xml.XmlBeanDefinitionReader Loading XML bean definitions from class path resource [context.xml] at org.springframework.beans.factory.xml.XmlBeanDefinitionReader.loadBeanDefinitions(XmlBeanDefinitionReader.java:323)
2009-07-27 14:51:18,573 [DEBUG] org.springframework.beans.factory.xml.DefaultDocumentLoader Using JAXP provider [com.sun.org.apache.xerces.internal.jaxp.DocumentBuilderFactoryImpl] at org.springframework.beans.factory.xml.DefaultDocumentLoader.loadDocument(DefaultDocumentLoader.java:72)
2009-07-27 14:51:18,757 [DEBUG] org.springframework.beans.factory.xml.PluggableSchemaResolver Loading schema mappings from [META-INF/spring.schemas] at org.springframework.beans.factory.xml.PluggableSchemaResolver.getSchemaMapping(PluggableSchemaResolver.java:125)
2009-07-27 14:51:18,762 [DEBUG] org.springframework.beans.factory.xml.PluggableSchemaResolver Loaded schema mappings: {http://www.springframework.org/schema/lang/spring-lang-2.5.xsd=org/springframework/scripting/config/spring-lang-2.5.xsd, http://www.springframework.org/schema/lang/spring-lang.xsd=org/springframework/scripting/config/spring-lang-2.5.xsd, http://www.springframework.org/schema/context/spring-context-2.5.xsd=org/springframework/context/config/spring-context-2.5.xsd, http://www.springframework.org/schema/jms/spring-jms-2.5.xsd=org/springframework/jms/config/spring-jms-2.5.xsd, http://www.springframework.org/schema/context/spring-context.xsd=org/springframework/context/config/spring-context-2.5.xsd, http://www.springframework.org/schema/aop/spring-aop.xsd=org/springframework/aop/config/spring-aop-2.5.xsd, http://www.springframework.org/schema/util/spring-util-2.0.xsd=org/springframework/beans/factory/xml/spring-util-2.0.xsd, http://www.springframework.org/schema/util/spring-util-2.5.xsd=org/springframework/beans/factory/xml/spring-util-2.5.xsd, http://www.springframework.org/schema/tool/spring-tool-2.0.xsd=org/springframework/beans/factory/xml/spring-tool-2.0.xsd, http://www.springframework.org/schema/tx/spring-tx-2.0.xsd=org/springframework/transaction/config/spring-tx-2.0.xsd, http://www.springframework.org/schema/tool/spring-tool-2.5.xsd=org/springframework/beans/factory/xml/spring-tool-2.5.xsd, http://www.springframework.org/schema/tx/spring-tx-2.5.xsd=org/springframework/transaction/config/spring-tx-2.5.xsd, http://www.springframework.org/schema/beans/spring-beans-2.0.xsd=org/springframework/beans/factory/xml/spring-beans-2.0.xsd, http://www.springframework.org/schema/jms/spring-jms.xsd=org/springframework/jms/config/spring-jms-2.5.xsd, http://www.springframework.org/schema/beans/spring-beans-2.5.xsd=org/springframework/beans/factory/xml/spring-beans-2.5.xsd, http://www.springframework.org/schema/beans/spring-beans.xsd=org/springframework/beans/factory/xml/spring-beans-2.5.xsd, http://www.springframework.org/schema/jee/spring-jee.xsd=org/springframework/ejb/config/spring-jee-2.5.xsd, http://www.springframework.org/schema/tool/spring-tool.xsd=org/springframework/beans/factory/xml/spring-tool-2.5.xsd, http://www.springframework.org/schema/tx/spring-tx.xsd=org/springframework/transaction/config/spring-tx-2.5.xsd, http://www.springframework.org/schema/jee/spring-jee-2.0.xsd=org/springframework/ejb/config/spring-jee-2.0.xsd, http://www.springframework.org/schema/aop/spring-aop-2.0.xsd=org/springframework/aop/config/spring-aop-2.0.xsd, http://www.springframework.org/schema/aop/spring-aop-2.5.xsd=org/springframework/aop/config/spring-aop-2.5.xsd, http://www.springframework.org/schema/jee/spring-jee-2.5.xsd=org/springframework/ejb/config/spring-jee-2.5.xsd, http://www.springframework.org/schema/lang/spring-lang-2.0.xsd=org/springframework/scripting/config/spring-lang-2.0.xsd, http://www.springframework.org/schema/util/spring-util.xsd=org/springframework/beans/factory/xml/spring-util-2.5.xsd} at org.springframework.beans.factory.xml.PluggableSchemaResolver.getSchemaMapping(PluggableSchemaResolver.java:131)
2009-07-27 14:51:18,764 [DEBUG] org.springframework.beans.factory.xml.PluggableSchemaResolver Found XML schema [http://www.springframework.org/schema/beans/spring-beans-2.5.xsd] in classpath: org/springframework/beans/factory/xml/spring-beans-2.5.xsd at org.springframework.beans.factory.xml.PluggableSchemaResolver.resolveEntity(PluggableSchemaResolver.java:114)
2009-07-27 14:51:18,819 [DEBUG] org.springframework.beans.factory.xml.PluggableSchemaResolver Found XML schema [http://www.springframework.org/schema/context/spring-context-2.5.xsd] in classpath: org/springframework/context/config/spring-context-2.5.xsd at org.springframework.beans.factory.xml.PluggableSchemaResolver.resolveEntity(PluggableSchemaResolver.java:114)
2009-07-27 14:51:18,828 [DEBUG] org.springframework.beans.factory.xml.PluggableSchemaResolver Found XML schema [http://www.springframework.org/schema/aop/spring-aop-2.5.xsd] in classpath: org/springframework/aop/config/spring-aop-2.5.xsd at org.springframework.beans.factory.xml.PluggableSchemaResolver.resolveEntity(PluggableSchemaResolver.java:114)
2009-07-27 14:51:18,845 [DEBUG] org.springframework.beans.factory.xml.DefaultBeanDefinitionDocumentReader Loading bean definitions at org.springframework.beans.factory.xml.DefaultBeanDefinitionDocumentReader.registerBeanDefinitions(DefaultBeanDefinitionDocumentReader.java:86)
2009-07-27 14:51:18,866 [DEBUG] org.springframework.beans.factory.xml.DefaultNamespaceHandlerResolver Loaded mappings [{http://www.springframework.org/schema/p=org.springframework.beans.factory.xml.SimplePropertyNamespaceHandler, http://www.springframework.org/schema/lang=org.springframework.scripting.config.LangNamespaceHandler, http://www.springframework.org/schema/jee=org.springframework.ejb.config.JeeNamespaceHandler, http://www.springframework.org/schema/aop=org.springframework.aop.config.AopNamespaceHandler, http://www.springframework.org/schema/util=org.springframework.beans.factory.xml.UtilNamespaceHandler, http://www.springframework.org/schema/jms=org.springframework.jms.config.JmsNamespaceHandler, http://www.springframework.org/schema/tx=org.springframework.transaction.config.TxNamespaceHandler, http://www.springframework.org/schema/context=org.springframework.context.config.ContextNamespaceHandler}] at org.springframework.beans.factory.xml.DefaultNamespaceHandlerResolver.getHandlerMappings(DefaultNamespaceHandlerResolver.java:153)
2009-07-27 14:51:18,929 [DEBUG] org.springframework.beans.factory.xml.XmlBeanDefinitionReader Loaded 5 bean definitions from location pattern [classpath:context.xml] at org.springframework.beans.factory.support.AbstractBeanDefinitionReader.loadBeanDefinitions(AbstractBeanDefinitionReader.java:185)
2009-07-27 14:51:18,969 [ INFO] org.springframework.context.support.GenericApplicationContext Refreshing org.springframework.context.support.GenericApplicationContext@1dfafd1: display name [org.springframework.context.support.GenericApplicationContext@1dfafd1]; startup date [Mon Jul 27 14:51:18 MSD 2009]; root of context hierarchy at org.springframework.context.support.AbstractApplicationContext.prepareRefresh(AbstractApplicationContext.java:411)
2009-07-27 14:51:18,969 [ INFO] org.springframework.context.support.GenericApplicationContext Bean factory for application context [org.springframework.context.support.GenericApplicationContext@1dfafd1]: org.springframework.beans.factory.support.DefaultListableBeanFactory@1275d39 at org.springframework.context.support.AbstractApplicationContext.obtainFreshBeanFactory(AbstractApplicationContext.java:426)
2009-07-27 14:51:18,970 [DEBUG] org.springframework.context.support.GenericApplicationContext 5 beans defined in org.springframework.context.support.GenericApplicationContext@1dfafd1: display name [org.springframework.context.support.GenericApplicationContext@1dfafd1]; startup date [Mon Jul 27 14:51:18 MSD 2009]; root of context hierarchy at org.springframework.context.support.AbstractApplicationContext.obtainFreshBeanFactory(AbstractApplicationContext.java:430)
2009-07-27 14:51:18,981 [DEBUG] org.springframework.beans.factory.support.DefaultListableBeanFactory Creating shared instance of singleton bean 'org.springframework.context.annotation.internalCommonAnnotationProcessor' at org.springframework.beans.factory.support.DefaultSingletonBeanRegistry.getSingleton(DefaultSingletonBeanRegistry.java:214)
2009-07-27 14:51:18,984 [DEBUG] org.springframework.beans.factory.support.DefaultListableBeanFactory Creating instance of bean 'org.springframework.context.annotation.internalCommonAnnotationProcessor' at org.springframework.beans.factory.support.AbstractAutowireCapableBeanFactory$1.run(AbstractAutowireCapableBeanFactory.java:383)
2009-07-27 14:51:19,035 [DEBUG] org.springframework.beans.factory.support.DefaultListableBeanFactory Eagerly caching bean 'org.springframework.context.annotation.internalCommonAnnotationProcessor' to allow for resolving potential circular references at org.springframework.beans.factory.support.AbstractAutowireCapableBeanFactory.doCreateBean(AbstractAutowireCapableBeanFactory.java:459)
2009-07-27 14:51:19,064 [DEBUG] org.springframework.beans.factory.support.DefaultListableBeanFactory Finished creating instance of bean 'org.springframework.context.annotation.internalCommonAnnotationProcessor' at org.springframework.beans.factory.support.AbstractAutowireCapableBeanFactory$1.run(AbstractAutowireCapableBeanFactory.java:411)
2009-07-27 14:51:19,065 [DEBUG] org.springframework.beans.factory.support.DefaultListableBeanFactory Creating shared instance of singleton bean 'org.springframework.context.annotation.internalAutowiredAnnotationProcessor' at org.springframework.beans.factory.support.DefaultSingletonBeanRegistry.getSingleton(DefaultSingletonBeanRegistry.java:214)
2009-07-27 14:51:19,065 [DEBUG] org.springframework.beans.factory.support.DefaultListableBeanFactory Creating instance of bean 'org.springframework.context.annotation.internalAutowiredAnnotationProcessor' at org.springframework.beans.factory.support.AbstractAutowireCapableBeanFactory$1.run(AbstractAutowireCapableBeanFactory.java:383)
2009-07-27 14:51:19,068 [DEBUG] org.springframework.beans.factory.support.DefaultListableBeanFactory Eagerly caching bean 'org.springframework.context.annotation.internalAutowiredAnnotationProcessor' to allow for resolving potential circular references at org.springframework.beans.factory.support.AbstractAutowireCapableBeanFactory.doCreateBean(AbstractAutowireCapableBeanFactory.java:459)
2009-07-27 14:51:19,076 [DEBUG] org.springframework.beans.factory.support.DefaultListableBeanFactory Finished creating instance of bean 'org.springframework.context.annotation.internalAutowiredAnnotationProcessor' at org.springframework.beans.factory.support.AbstractAutowireCapableBeanFactory$1.run(AbstractAutowireCapableBeanFactory.java:411)
2009-07-27 14:51:19,078 [DEBUG] org.springframework.beans.factory.support.DefaultListableBeanFactory Creating shared instance of singleton bean 'org.springframework.context.annotation.internalRequiredAnnotationProcessor' at org.springframework.beans.factory.support.DefaultSingletonBeanRegistry.getSingleton(DefaultSingletonBeanRegistry.java:214)
2009-07-27 14:51:19,078 [DEBUG] org.springframework.beans.factory.support.DefaultListableBeanFactory Creating instance of bean 'org.springframework.context.annotation.internalRequiredAnnotationProcessor' at org.springframework.beans.factory.support.AbstractAutowireCapableBeanFactory$1.run(AbstractAutowireCapableBeanFactory.java:383)
2009-07-27 14:51:19,080 [DEBUG] org.springframework.beans.factory.support.DefaultListableBeanFactory Eagerly caching bean 'org.springframework.context.annotation.internalRequiredAnnotationProcessor' to allow for resolving potential circular references at org.springframework.beans.factory.support.AbstractAutowireCapableBeanFactory.doCreateBean(AbstractAutowireCapableBeanFactory.java:459)
2009-07-27 14:51:19,087 [DEBUG] org.springframework.beans.factory.support.DefaultListableBeanFactory Finished creating instance of bean 'org.springframework.context.annotation.internalRequiredAnnotationProcessor' at org.springframework.beans.factory.support.AbstractAutowireCapableBeanFactory$1.run(AbstractAutowireCapableBeanFactory.java:411)
2009-07-27 14:51:19,088 [DEBUG] org.springframework.beans.factory.support.DefaultListableBeanFactory Creating shared instance of singleton bean 'org.springframework.aop.config.internalAutoProxyCreator' at org.springframework.beans.factory.support.DefaultSingletonBeanRegistry.getSingleton(DefaultSingletonBeanRegistry.java:214)
2009-07-27 14:51:19,088 [DEBUG] org.springframework.beans.factory.support.DefaultListableBeanFactory Creating instance of bean 'org.springframework.aop.config.internalAutoProxyCreator' at org.springframework.beans.factory.support.AbstractAutowireCapableBeanFactory$1.run(AbstractAutowireCapableBeanFactory.java:383)
2009-07-27 14:51:19,135 [DEBUG] org.springframework.beans.factory.support.DefaultListableBeanFactory Eagerly caching bean 'org.springframework.aop.config.internalAutoProxyCreator' to allow for resolving potential circular references at org.springframework.beans.factory.support.AbstractAutowireCapableBeanFactory.doCreateBean(AbstractAutowireCapableBeanFactory.java:459)
2009-07-27 14:51:19,159 [DEBUG] org.springframework.beans.factory.support.DefaultListableBeanFactory Finished creating instance of bean 'org.springframework.aop.config.internalAutoProxyCreator' at org.springframework.beans.factory.support.AbstractAutowireCapableBeanFactory$1.run(AbstractAutowireCapableBeanFactory.java:411)
2009-07-27 14:51:19,163 [DEBUG] org.springframework.context.support.GenericApplicationContext Unable to locate MessageSource with name 'messageSource': using default [org.springframework.context.support.DelegatingMessageSource@3e0ebb] at org.springframework.context.support.AbstractApplicationContext.initMessageSource(AbstractApplicationContext.java:648)
2009-07-27 14:51:19,166 [DEBUG] org.springframework.context.support.GenericApplicationContext Unable to locate ApplicationEventMulticaster with name 'applicationEventMulticaster': using default [org.springframework.context.event.SimpleApplicationEventMulticaster@d9660d] at org.springframework.context.support.AbstractApplicationContext.initApplicationEventMulticaster(AbstractApplicationContext.java:672)
2009-07-27 14:51:19,167 [ INFO] org.springframework.beans.factory.support.DefaultListableBeanFactory Pre-instantiating singletons in org.springframework.beans.factory.support.DefaultListableBeanFactory@1275d39: defining beans [org.springframework.context.annotation.internalCommonAnnotationProcessor,org.springframework.context.annotation.internalAutowiredAnnotationProcessor,org.springframework.context.annotation.internalRequiredAnnotationProcessor,org.springframework.aop.config.internalAutoProxyCreator,wordClassResolver]; root of factory hierarchy at org.springframework.beans.factory.support.DefaultListableBeanFactory.preInstantiateSingletons(DefaultListableBeanFactory.java:414)
2009-07-27 14:51:19,168 [DEBUG] org.springframework.beans.factory.support.DefaultListableBeanFactory Returning cached instance of singleton bean 'org.springframework.context.annotation.internalCommonAnnotationProcessor' at org.springframework.beans.factory.support.AbstractBeanFactory.doGetBean(AbstractBeanFactory.java:214)
2009-07-27 14:51:19,171 [DEBUG] org.springframework.beans.factory.support.DefaultListableBeanFactory Returning cached instance of singleton bean 'org.springframework.context.annotation.internalAutowiredAnnotationProcessor' at org.springframework.beans.factory.support.AbstractBeanFactory.doGetBean(AbstractBeanFactory.java:214)
2009-07-27 14:51:19,171 [DEBUG] org.springframework.beans.factory.support.DefaultListableBeanFactory Returning cached instance of singleton bean 'org.springframework.context.annotation.internalRequiredAnnotationProcessor' at org.springframework.beans.factory.support.AbstractBeanFactory.doGetBean(AbstractBeanFactory.java:214)
2009-07-27 14:51:19,172 [DEBUG] org.springframework.beans.factory.support.DefaultListableBeanFactory Returning cached instance of singleton bean 'org.springframework.aop.config.internalAutoProxyCreator' at org.springframework.beans.factory.support.AbstractBeanFactory.doGetBean(AbstractBeanFactory.java:214)
2009-07-27 14:51:19,172 [DEBUG] org.springframework.beans.factory.support.DefaultListableBeanFactory Creating shared instance of singleton bean 'wordClassResolver' at org.springframework.beans.factory.support.DefaultSingletonBeanRegistry.getSingleton(DefaultSingletonBeanRegistry.java:214)
2009-07-27 14:51:19,172 [DEBUG] org.springframework.beans.factory.support.DefaultListableBeanFactory Creating instance of bean 'wordClassResolver' at org.springframework.beans.factory.support.AbstractAutowireCapableBeanFactory$1.run(AbstractAutowireCapableBeanFactory.java:383)
2009-07-27 14:51:19,174 [ INFO] org.springframework.beans.factory.support.DefaultListableBeanFactory Destroying singletons in org.springframework.beans.factory.support.DefaultListableBeanFactory@1275d39: defining beans [org.springframework.context.annotation.internalCommonAnnotationProcessor,org.springframework.context.annotation.internalAutowiredAnnotationProcessor,org.springframework.context.annotation.internalRequiredAnnotationProcessor,org.springframework.aop.config.internalAutoProxyCreator,wordClassResolver]; root of factory hierarchy at org.springframework.beans.factory.support.DefaultSingletonBeanRegistry.destroySingletons(DefaultSingletonBeanRegistry.java:421)
2009-07-27 14:51:19,176 [ERROR] org.springframework.test.context.TestContextManager Caught exception while allowing TestExecutionListener [org.springframework.test.context.support.DependencyInjectionTestExecutionListener@2c1e6b] to prepare test instance [dart.blackcat.talker.AppTest@1bca5f1] at org.springframework.test.context.TestContextManager.prepareTestInstance(TestContextManager.java:258)
java.lang.IllegalStateException: Failed to load ApplicationContext
	at org.springframework.test.context.TestContext.getApplicationContext(TestContext.java:201)
	at org.springframework.test.context.support.DependencyInjectionTestExecutionListener.injectDependencies(DependencyInjectionTestExecutionListener.java:109)
	at org.springframework.test.context.support.DependencyInjectionTestExecutionListener.prepareTestInstance(DependencyInjectionTestExecutionListener.java:75)
	at org.springframework.test.context.TestContextManager.prepareTestInstance(TestContextManager.java:255)
	at org.springframework.test.context.junit4.SpringJUnit4ClassRunner.createTest(SpringJUnit4ClassRunner.java:111)
	at org.springframework.test.context.junit4.SpringJUnit4ClassRunner.invokeTestMethod(SpringJUnit4ClassRunner.java:148)
	at org.junit.internal.runners.JUnit4ClassRunner.runMethods(JUnit4ClassRunner.java:51)
	at org.junit.internal.runners.JUnit4ClassRunner$1.run(JUnit4ClassRunner.java:44)
	at org.junit.internal.runners.ClassRoadie.runUnprotected(ClassRoadie.java:27)
	at org.junit.internal.runners.ClassRoadie.runProtected(ClassRoadie.java:37)
	at org.junit.internal.runners.JUnit4ClassRunner.run(JUnit4ClassRunner.java:42)
	at org.springframework.test.context.junit4.SpringJUnit4ClassRunner.run(SpringJUnit4ClassRunner.java:97)
	at org.eclipse.jdt.internal.junit4.runner.JUnit4TestReference.run(JUnit4TestReference.java:45)
	at org.eclipse.jdt.internal.junit.runner.TestExecution.run(TestExecution.java:38)
	at org.eclipse.jdt.internal.junit.runner.RemoteTestRunner.runTests(RemoteTestRunner.java:460)
	at org.eclipse.jdt.internal.junit.runner.RemoteTestRunner.runTests(RemoteTestRunner.java:673)
	at org.eclipse.jdt.internal.junit.runner.RemoteTestRunner.run(RemoteTestRunner.java:386)
	at org.eclipse.jdt.internal.junit.runner.RemoteTestRunner.main(RemoteTestRunner.java:196)
Caused by: org.springframework.beans.factory.BeanCreationException: Error creating bean with name 'wordClassResolver' defined in class path resource [context.xml]: BeanPostProcessor before instantiation of bean failed; nested exception is java.lang.NoClassDefFoundError: org/aspectj/lang/reflect/AjTypeSystem
	at org.springframework.beans.factory.support.AbstractAutowireCapableBeanFactory$1.run(AbstractAutowireCapableBeanFactory.java:405)
	at java.security.AccessController.doPrivileged(Native Method)
	at org.springframework.beans.factory.support.AbstractAutowireCapableBeanFactory.createBean(AbstractAutowireCapableBeanFactory.java:380)
	at org.springframework.beans.factory.support.AbstractBeanFactory$1.getObject(AbstractBeanFactory.java:264)
	at org.springframework.beans.factory.support.DefaultSingletonBeanRegistry.getSingleton(DefaultSingletonBeanRegistry.java:222)
	at org.springframework.beans.factory.support.AbstractBeanFactory.doGetBean(AbstractBeanFactory.java:261)
	at org.springframework.beans.factory.support.AbstractBeanFactory.getBean(AbstractBeanFactory.java:185)
	at org.springframework.beans.factory.support.AbstractBeanFactory.getBean(AbstractBeanFactory.java:164)
	at org.springframework.beans.factory.support.DefaultListableBeanFactory.preInstantiateSingletons(DefaultListableBeanFactory.java:429)
	at org.springframework.context.support.AbstractApplicationContext.finishBeanFactoryInitialization(AbstractApplicationContext.java:728)
	at org.springframework.context.support.AbstractApplicationContext.refresh(AbstractApplicationContext.java:380)
	at org.springframework.test.context.support.AbstractGenericContextLoader.loadContext(AbstractGenericContextLoader.java:84)
	at org.springframework.test.context.support.AbstractGenericContextLoader.loadContext(AbstractGenericContextLoader.java:42)
	at org.springframework.test.context.TestContext.loadApplicationContext(TestContext.java:173)
	at org.springframework.test.context.TestContext.getApplicationContext(TestContext.java:197)
	... 17 more
Caused by: java.lang.NoClassDefFoundError: org/aspectj/lang/reflect/AjTypeSystem
	at org.springframework.aop.aspectj.annotation.AbstractAspectJAdvisorFactory.isAspect(AbstractAspectJAdvisorFactory.java:120)
	at org.springframework.aop.aspectj.annotation.AnnotationAwareAspectJAutoProxyCreator.isInfrastructureClass(AnnotationAwareAspectJAutoProxyCreator.java:98)
	at org.springframework.aop.framework.autoproxy.AbstractAutoProxyCreator.isInfrastructureClass(AbstractAutoProxyCreator.java:381)
	at org.springframework.aop.framework.autoproxy.AbstractAutoProxyCreator.postProcessBeforeInstantiation(AbstractAutoProxyCreator.java:281)
	at org.springframework.beans.factory.support.AbstractAutowireCapableBeanFactory.applyBeanPostProcessorsBeforeInstantiation(AbstractAutowireCapableBeanFactory.java:791)
	at org.springframework.beans.factory.support.AbstractAutowireCapableBeanFactory.resolveBeforeInstantiation(AbstractAutowireCapableBeanFactory.java:762)
	at org.springframework.beans.factory.support.AbstractAutowireCapableBeanFactory$1.run(AbstractAutowireCapableBeanFactory.java:399)
	... 31 more
Caused by: java.lang.ClassNotFoundException: org.aspectj.lang.reflect.AjTypeSystem
	at java.net.URLClassLoader$1.run(URLClassLoader.java:200)
	at java.security.AccessController.doPrivileged(Native Method)
	at java.net.URLClassLoader.findClass(URLClassLoader.java:188)
	at java.lang.ClassLoader.loadClass(ClassLoader.java:306)
	at sun.misc.Launcher$AppClassLoader.loadClass(Launcher.java:276)
	at java.lang.ClassLoader.loadClass(ClassLoader.java:251)
	at java.lang.ClassLoader.loadClassInternal(ClassLoader.java:319)
	... 38 more
2009-07-27 14:51:36,468 [DEBUG] org.springframework.test.context.junit4.SpringJUnit4ClassRunner SpringJUnit4ClassRunner constructor called with [class dart.blackcat.talker.AppTest]. at org.springframework.test.context.junit4.SpringJUnit4ClassRunner.<init>(SpringJUnit4ClassRunner.java:78)
2009-07-27 14:51:36,519 [ INFO] org.springframework.test.context.TestContextManager @TestExecutionListeners is not present for class [class dart.blackcat.talker.AppTest]: using defaults. at org.springframework.test.context.TestContextManager.retrieveTestExecutionListeners(TestContextManager.java:167)
2009-07-27 14:51:36,557 [DEBUG] org.springframework.test.context.junit4.SpringJUnit4ClassRunner Invoking test method [public void dart.blackcat.talker.AppTest.main()] at org.springframework.test.context.junit4.SpringJUnit4ClassRunner.invokeTestMethod(SpringJUnit4ClassRunner.java:139)
2009-07-27 14:51:36,563 [DEBUG] org.springframework.test.context.support.DependencyInjectionTestExecutionListener Performing dependency injection for test context [[TestContext@13d93f4 testClass = AppTest, locations = array<String>['classpath:context.xml'], testInstance = dart.blackcat.talker.AppTest@1bca5f1, testMethod = [null], testException = [null]]]. at org.springframework.test.context.support.DependencyInjectionTestExecutionListener.prepareTestInstance(DependencyInjectionTestExecutionListener.java:73)
2009-07-27 14:51:36,563 [DEBUG] org.springframework.test.context.support.AbstractGenericContextLoader Loading ApplicationContext for locations [classpath:context.xml]. at org.springframework.test.context.support.AbstractGenericContextLoader.loadContext(AbstractGenericContextLoader.java:75)
2009-07-27 14:51:36,671 [ INFO] org.springframework.beans.factory.xml.XmlBeanDefinitionReader Loading XML bean definitions from class path resource [context.xml] at org.springframework.beans.factory.xml.XmlBeanDefinitionReader.loadBeanDefinitions(XmlBeanDefinitionReader.java:323)
2009-07-27 14:51:36,686 [DEBUG] org.springframework.beans.factory.xml.DefaultDocumentLoader Using JAXP provider [com.sun.org.apache.xerces.internal.jaxp.DocumentBuilderFactoryImpl] at org.springframework.beans.factory.xml.DefaultDocumentLoader.loadDocument(DefaultDocumentLoader.java:72)
2009-07-27 14:51:36,720 [DEBUG] org.springframework.beans.factory.xml.PluggableSchemaResolver Loading schema mappings from [META-INF/spring.schemas] at org.springframework.beans.factory.xml.PluggableSchemaResolver.getSchemaMapping(PluggableSchemaResolver.java:125)
2009-07-27 14:51:36,726 [DEBUG] org.springframework.beans.factory.xml.PluggableSchemaResolver Loaded schema mappings: {http://www.springframework.org/schema/lang/spring-lang-2.5.xsd=org/springframework/scripting/config/spring-lang-2.5.xsd, http://www.springframework.org/schema/lang/spring-lang.xsd=org/springframework/scripting/config/spring-lang-2.5.xsd, http://www.springframework.org/schema/context/spring-context-2.5.xsd=org/springframework/context/config/spring-context-2.5.xsd, http://www.springframework.org/schema/jms/spring-jms-2.5.xsd=org/springframework/jms/config/spring-jms-2.5.xsd, http://www.springframework.org/schema/context/spring-context.xsd=org/springframework/context/config/spring-context-2.5.xsd, http://www.springframework.org/schema/aop/spring-aop.xsd=org/springframework/aop/config/spring-aop-2.5.xsd, http://www.springframework.org/schema/util/spring-util-2.0.xsd=org/springframework/beans/factory/xml/spring-util-2.0.xsd, http://www.springframework.org/schema/util/spring-util-2.5.xsd=org/springframework/beans/factory/xml/spring-util-2.5.xsd, http://www.springframework.org/schema/tool/spring-tool-2.0.xsd=org/springframework/beans/factory/xml/spring-tool-2.0.xsd, http://www.springframework.org/schema/tx/spring-tx-2.0.xsd=org/springframework/transaction/config/spring-tx-2.0.xsd, http://www.springframework.org/schema/tool/spring-tool-2.5.xsd=org/springframework/beans/factory/xml/spring-tool-2.5.xsd, http://www.springframework.org/schema/tx/spring-tx-2.5.xsd=org/springframework/transaction/config/spring-tx-2.5.xsd, http://www.springframework.org/schema/beans/spring-beans-2.0.xsd=org/springframework/beans/factory/xml/spring-beans-2.0.xsd, http://www.springframework.org/schema/jms/spring-jms.xsd=org/springframework/jms/config/spring-jms-2.5.xsd, http://www.springframework.org/schema/beans/spring-beans-2.5.xsd=org/springframework/beans/factory/xml/spring-beans-2.5.xsd, http://www.springframework.org/schema/beans/spring-beans.xsd=org/springframework/beans/factory/xml/spring-beans-2.5.xsd, http://www.springframework.org/schema/jee/spring-jee.xsd=org/springframework/ejb/config/spring-jee-2.5.xsd, http://www.springframework.org/schema/tool/spring-tool.xsd=org/springframework/beans/factory/xml/spring-tool-2.5.xsd, http://www.springframework.org/schema/tx/spring-tx.xsd=org/springframework/transaction/config/spring-tx-2.5.xsd, http://www.springframework.org/schema/jee/spring-jee-2.0.xsd=org/springframework/ejb/config/spring-jee-2.0.xsd, http://www.springframework.org/schema/aop/spring-aop-2.0.xsd=org/springframework/aop/config/spring-aop-2.0.xsd, http://www.springframework.org/schema/aop/spring-aop-2.5.xsd=org/springframework/aop/config/spring-aop-2.5.xsd, http://www.springframework.org/schema/jee/spring-jee-2.5.xsd=org/springframework/ejb/config/spring-jee-2.5.xsd, http://www.springframework.org/schema/lang/spring-lang-2.0.xsd=org/springframework/scripting/config/spring-lang-2.0.xsd, http://www.springframework.org/schema/util/spring-util.xsd=org/springframework/beans/factory/xml/spring-util-2.5.xsd} at org.springframework.beans.factory.xml.PluggableSchemaResolver.getSchemaMapping(PluggableSchemaResolver.java:131)
2009-07-27 14:51:36,730 [DEBUG] org.springframework.beans.factory.xml.PluggableSchemaResolver Found XML schema [http://www.springframework.org/schema/beans/spring-beans-2.5.xsd] in classpath: org/springframework/beans/factory/xml/spring-beans-2.5.xsd at org.springframework.beans.factory.xml.PluggableSchemaResolver.resolveEntity(PluggableSchemaResolver.java:114)
2009-07-27 14:51:36,789 [DEBUG] org.springframework.beans.factory.xml.DefaultBeanDefinitionDocumentReader Loading bean definitions at org.springframework.beans.factory.xml.DefaultBeanDefinitionDocumentReader.registerBeanDefinitions(DefaultBeanDefinitionDocumentReader.java:86)
2009-07-27 14:51:36,826 [DEBUG] org.springframework.beans.factory.xml.XmlBeanDefinitionReader Loaded 1 bean definitions from location pattern [classpath:context.xml] at org.springframework.beans.factory.support.AbstractBeanDefinitionReader.loadBeanDefinitions(AbstractBeanDefinitionReader.java:185)
2009-07-27 14:51:36,840 [ INFO] org.springframework.context.support.GenericApplicationContext Refreshing org.springframework.context.support.GenericApplicationContext@1dfafd1: display name [org.springframework.context.support.GenericApplicationContext@1dfafd1]; startup date [Mon Jul 27 14:51:36 MSD 2009]; root of context hierarchy at org.springframework.context.support.AbstractApplicationContext.prepareRefresh(AbstractApplicationContext.java:411)
2009-07-27 14:51:36,840 [ INFO] org.springframework.context.support.GenericApplicationContext Bean factory for application context [org.springframework.context.support.GenericApplicationContext@1dfafd1]: org.springframework.beans.factory.support.DefaultListableBeanFactory@4f80d6 at org.springframework.context.support.AbstractApplicationContext.obtainFreshBeanFactory(AbstractApplicationContext.java:426)
2009-07-27 14:51:36,841 [DEBUG] org.springframework.context.support.GenericApplicationContext 4 beans defined in org.springframework.context.support.GenericApplicationContext@1dfafd1: display name [org.springframework.context.support.GenericApplicationContext@1dfafd1]; startup date [Mon Jul 27 14:51:36 MSD 2009]; root of context hierarchy at org.springframework.context.support.AbstractApplicationContext.obtainFreshBeanFactory(AbstractApplicationContext.java:430)
2009-07-27 14:51:36,853 [DEBUG] org.springframework.beans.factory.support.DefaultListableBeanFactory Creating shared instance of singleton bean 'org.springframework.context.annotation.internalCommonAnnotationProcessor' at org.springframework.beans.factory.support.DefaultSingletonBeanRegistry.getSingleton(DefaultSingletonBeanRegistry.java:214)
2009-07-27 14:51:36,856 [DEBUG] org.springframework.beans.factory.support.DefaultListableBeanFactory Creating instance of bean 'org.springframework.context.annotation.internalCommonAnnotationProcessor' at org.springframework.beans.factory.support.AbstractAutowireCapableBeanFactory$1.run(AbstractAutowireCapableBeanFactory.java:383)
2009-07-27 14:51:36,893 [DEBUG] org.springframework.beans.factory.support.DefaultListableBeanFactory Eagerly caching bean 'org.springframework.context.annotation.internalCommonAnnotationProcessor' to allow for resolving potential circular references at org.springframework.beans.factory.support.AbstractAutowireCapableBeanFactory.doCreateBean(AbstractAutowireCapableBeanFactory.java:459)
2009-07-27 14:51:36,920 [DEBUG] org.springframework.beans.factory.support.DefaultListableBeanFactory Finished creating instance of bean 'org.springframework.context.annotation.internalCommonAnnotationProcessor' at org.springframework.beans.factory.support.AbstractAutowireCapableBeanFactory$1.run(AbstractAutowireCapableBeanFactory.java:411)
2009-07-27 14:51:36,921 [DEBUG] org.springframework.beans.factory.support.DefaultListableBeanFactory Creating shared instance of singleton bean 'org.springframework.context.annotation.internalAutowiredAnnotationProcessor' at org.springframework.beans.factory.support.DefaultSingletonBeanRegistry.getSingleton(DefaultSingletonBeanRegistry.java:214)
2009-07-27 14:51:36,921 [DEBUG] org.springframework.beans.factory.support.DefaultListableBeanFactory Creating instance of bean 'org.springframework.context.annotation.internalAutowiredAnnotationProcessor' at org.springframework.beans.factory.support.AbstractAutowireCapableBeanFactory$1.run(AbstractAutowireCapableBeanFactory.java:383)
2009-07-27 14:51:36,924 [DEBUG] org.springframework.beans.factory.support.DefaultListableBeanFactory Eagerly caching bean 'org.springframework.context.annotation.internalAutowiredAnnotationProcessor' to allow for resolving potential circular references at org.springframework.beans.factory.support.AbstractAutowireCapableBeanFactory.doCreateBean(AbstractAutowireCapableBeanFactory.java:459)
2009-07-27 14:51:36,936 [DEBUG] org.springframework.beans.factory.support.DefaultListableBeanFactory Finished creating instance of bean 'org.springframework.context.annotation.internalAutowiredAnnotationProcessor' at org.springframework.beans.factory.support.AbstractAutowireCapableBeanFactory$1.run(AbstractAutowireCapableBeanFactory.java:411)
2009-07-27 14:51:36,937 [DEBUG] org.springframework.beans.factory.support.DefaultListableBeanFactory Creating shared instance of singleton bean 'org.springframework.context.annotation.internalRequiredAnnotationProcessor' at org.springframework.beans.factory.support.DefaultSingletonBeanRegistry.getSingleton(DefaultSingletonBeanRegistry.java:214)
2009-07-27 14:51:36,937 [DEBUG] org.springframework.beans.factory.support.DefaultListableBeanFactory Creating instance of bean 'org.springframework.context.annotation.internalRequiredAnnotationProcessor' at org.springframework.beans.factory.support.AbstractAutowireCapableBeanFactory$1.run(AbstractAutowireCapableBeanFactory.java:383)
2009-07-27 14:51:36,939 [DEBUG] org.springframework.beans.factory.support.DefaultListableBeanFactory Eagerly caching bean 'org.springframework.context.annotation.internalRequiredAnnotationProcessor' to allow for resolving potential circular references at org.springframework.beans.factory.support.AbstractAutowireCapableBeanFactory.doCreateBean(AbstractAutowireCapableBeanFactory.java:459)
2009-07-27 14:51:36,945 [DEBUG] org.springframework.beans.factory.support.DefaultListableBeanFactory Finished creating instance of bean 'org.springframework.context.annotation.internalRequiredAnnotationProcessor' at org.springframework.beans.factory.support.AbstractAutowireCapableBeanFactory$1.run(AbstractAutowireCapableBeanFactory.java:411)
2009-07-27 14:51:36,949 [DEBUG] org.springframework.context.support.GenericApplicationContext Unable to locate MessageSource with name 'messageSource': using default [org.springframework.context.support.DelegatingMessageSource@b76fa] at org.springframework.context.support.AbstractApplicationContext.initMessageSource(AbstractApplicationContext.java:648)
2009-07-27 14:51:36,952 [DEBUG] org.springframework.context.support.GenericApplicationContext Unable to locate ApplicationEventMulticaster with name 'applicationEventMulticaster': using default [org.springframework.context.event.SimpleApplicationEventMulticaster@23e5d1] at org.springframework.context.support.AbstractApplicationContext.initApplicationEventMulticaster(AbstractApplicationContext.java:672)
2009-07-27 14:51:36,953 [ INFO] org.springframework.beans.factory.support.DefaultListableBeanFactory Pre-instantiating singletons in org.springframework.beans.factory.support.DefaultListableBeanFactory@4f80d6: defining beans [wordClassResolver,org.springframework.context.annotation.internalCommonAnnotationProcessor,org.springframework.context.annotation.internalAutowiredAnnotationProcessor,org.springframework.context.annotation.internalRequiredAnnotationProcessor]; root of factory hierarchy at org.springframework.beans.factory.support.DefaultListableBeanFactory.preInstantiateSingletons(DefaultListableBeanFactory.java:414)
2009-07-27 14:51:36,955 [DEBUG] org.springframework.beans.factory.support.DefaultListableBeanFactory Creating shared instance of singleton bean 'wordClassResolver' at org.springframework.beans.factory.support.DefaultSingletonBeanRegistry.getSingleton(DefaultSingletonBeanRegistry.java:214)
2009-07-27 14:51:36,956 [DEBUG] org.springframework.beans.factory.support.DefaultListableBeanFactory Creating instance of bean 'wordClassResolver' at org.springframework.beans.factory.support.AbstractAutowireCapableBeanFactory$1.run(AbstractAutowireCapableBeanFactory.java:383)
2009-07-27 14:51:36,966 [DEBUG] org.springframework.beans.factory.support.DefaultListableBeanFactory Eagerly caching bean 'wordClassResolver' to allow for resolving potential circular references at org.springframework.beans.factory.support.AbstractAutowireCapableBeanFactory.doCreateBean(AbstractAutowireCapableBeanFactory.java:459)
2009-07-27 14:51:36,971 [DEBUG] org.springframework.beans.factory.support.DefaultListableBeanFactory No default init method named 'init' found on bean with name 'wordClassResolver' at org.springframework.beans.factory.support.AbstractAutowireCapableBeanFactory.invokeCustomInitMethod(AbstractAutowireCapableBeanFactory.java:1401)
2009-07-27 14:51:36,973 [DEBUG] org.springframework.beans.factory.support.DefaultListableBeanFactory Finished creating instance of bean 'wordClassResolver' at org.springframework.beans.factory.support.AbstractAutowireCapableBeanFactory$1.run(AbstractAutowireCapableBeanFactory.java:411)
2009-07-27 14:51:36,973 [DEBUG] org.springframework.beans.factory.support.DefaultListableBeanFactory Returning cached instance of singleton bean 'org.springframework.context.annotation.internalCommonAnnotationProcessor' at org.springframework.beans.factory.support.AbstractBeanFactory.doGetBean(AbstractBeanFactory.java:214)
2009-07-27 14:51:36,974 [DEBUG] org.springframework.beans.factory.support.DefaultListableBeanFactory Returning cached instance of singleton bean 'org.springframework.context.annotation.internalAutowiredAnnotationProcessor' at org.springframework.beans.factory.support.AbstractBeanFactory.doGetBean(AbstractBeanFactory.java:214)
2009-07-27 14:51:36,975 [DEBUG] org.springframework.beans.factory.support.DefaultListableBeanFactory Returning cached instance of singleton bean 'org.springframework.context.annotation.internalRequiredAnnotationProcessor' at org.springframework.beans.factory.support.AbstractBeanFactory.doGetBean(AbstractBeanFactory.java:214)
2009-07-27 14:51:37,016 [ INFO] dart.blackcat.talker.Boot Starting Talker application. at dart.blackcat.talker.Boot.main(Boot.java:30)
2009-07-27 14:51:37,017 [ INFO] dart.blackcat.talker.Boot Creating Srping application context. at dart.blackcat.talker.Boot.main(Boot.java:31)
2009-07-27 14:51:37,026 [ INFO] org.springframework.context.support.ClassPathXmlApplicationContext Refreshing org.springframework.context.support.ClassPathXmlApplicationContext@141b571: display name [org.springframework.context.support.ClassPathXmlApplicationContext@141b571]; startup date [Mon Jul 27 14:51:37 MSD 2009]; root of context hierarchy at org.springframework.context.support.AbstractApplicationContext.prepareRefresh(AbstractApplicationContext.java:411)
2009-07-27 14:51:37,029 [ INFO] org.springframework.beans.factory.xml.XmlBeanDefinitionReader Loading XML bean definitions from class path resource [context.xml] at org.springframework.beans.factory.xml.XmlBeanDefinitionReader.loadBeanDefinitions(XmlBeanDefinitionReader.java:323)
2009-07-27 14:51:37,036 [DEBUG] org.springframework.beans.factory.xml.DefaultDocumentLoader Using JAXP provider [com.sun.org.apache.xerces.internal.jaxp.DocumentBuilderFactoryImpl] at org.springframework.beans.factory.xml.DefaultDocumentLoader.loadDocument(DefaultDocumentLoader.java:72)
2009-07-27 14:51:37,040 [DEBUG] org.springframework.beans.factory.xml.PluggableSchemaResolver Loading schema mappings from [META-INF/spring.schemas] at org.springframework.beans.factory.xml.PluggableSchemaResolver.getSchemaMapping(PluggableSchemaResolver.java:125)
2009-07-27 14:51:37,045 [DEBUG] org.springframework.beans.factory.xml.PluggableSchemaResolver Loaded schema mappings: {http://www.springframework.org/schema/lang/spring-lang-2.5.xsd=org/springframework/scripting/config/spring-lang-2.5.xsd, http://www.springframework.org/schema/lang/spring-lang.xsd=org/springframework/scripting/config/spring-lang-2.5.xsd, http://www.springframework.org/schema/context/spring-context-2.5.xsd=org/springframework/context/config/spring-context-2.5.xsd, http://www.springframework.org/schema/jms/spring-jms-2.5.xsd=org/springframework/jms/config/spring-jms-2.5.xsd, http://www.springframework.org/schema/context/spring-context.xsd=org/springframework/context/config/spring-context-2.5.xsd, http://www.springframework.org/schema/aop/spring-aop.xsd=org/springframework/aop/config/spring-aop-2.5.xsd, http://www.springframework.org/schema/util/spring-util-2.0.xsd=org/springframework/beans/factory/xml/spring-util-2.0.xsd, http://www.springframework.org/schema/util/spring-util-2.5.xsd=org/springframework/beans/factory/xml/spring-util-2.5.xsd, http://www.springframework.org/schema/tool/spring-tool-2.0.xsd=org/springframework/beans/factory/xml/spring-tool-2.0.xsd, http://www.springframework.org/schema/tx/spring-tx-2.0.xsd=org/springframework/transaction/config/spring-tx-2.0.xsd, http://www.springframework.org/schema/tool/spring-tool-2.5.xsd=org/springframework/beans/factory/xml/spring-tool-2.5.xsd, http://www.springframework.org/schema/tx/spring-tx-2.5.xsd=org/springframework/transaction/config/spring-tx-2.5.xsd, http://www.springframework.org/schema/beans/spring-beans-2.0.xsd=org/springframework/beans/factory/xml/spring-beans-2.0.xsd, http://www.springframework.org/schema/jms/spring-jms.xsd=org/springframework/jms/config/spring-jms-2.5.xsd, http://www.springframework.org/schema/beans/spring-beans-2.5.xsd=org/springframework/beans/factory/xml/spring-beans-2.5.xsd, http://www.springframework.org/schema/beans/spring-beans.xsd=org/springframework/beans/factory/xml/spring-beans-2.5.xsd, http://www.springframework.org/schema/jee/spring-jee.xsd=org/springframework/ejb/config/spring-jee-2.5.xsd, http://www.springframework.org/schema/tool/spring-tool.xsd=org/springframework/beans/factory/xml/spring-tool-2.5.xsd, http://www.springframework.org/schema/tx/spring-tx.xsd=org/springframework/transaction/config/spring-tx-2.5.xsd, http://www.springframework.org/schema/jee/spring-jee-2.0.xsd=org/springframework/ejb/config/spring-jee-2.0.xsd, http://www.springframework.org/schema/aop/spring-aop-2.0.xsd=org/springframework/aop/config/spring-aop-2.0.xsd, http://www.springframework.org/schema/aop/spring-aop-2.5.xsd=org/springframework/aop/config/spring-aop-2.5.xsd, http://www.springframework.org/schema/jee/spring-jee-2.5.xsd=org/springframework/ejb/config/spring-jee-2.5.xsd, http://www.springframework.org/schema/lang/spring-lang-2.0.xsd=org/springframework/scripting/config/spring-lang-2.0.xsd, http://www.springframework.org/schema/util/spring-util.xsd=org/springframework/beans/factory/xml/spring-util-2.5.xsd} at org.springframework.beans.factory.xml.PluggableSchemaResolver.getSchemaMapping(PluggableSchemaResolver.java:131)
2009-07-27 14:51:37,046 [DEBUG] org.springframework.beans.factory.xml.PluggableSchemaResolver Found XML schema [http://www.springframework.org/schema/beans/spring-beans-2.5.xsd] in classpath: org/springframework/beans/factory/xml/spring-beans-2.5.xsd at org.springframework.beans.factory.xml.PluggableSchemaResolver.resolveEntity(PluggableSchemaResolver.java:114)
2009-07-27 14:51:37,076 [DEBUG] org.springframework.beans.factory.xml.DefaultBeanDefinitionDocumentReader Loading bean definitions at org.springframework.beans.factory.xml.DefaultBeanDefinitionDocumentReader.registerBeanDefinitions(DefaultBeanDefinitionDocumentReader.java:86)
2009-07-27 14:51:37,078 [DEBUG] org.springframework.beans.factory.xml.XmlBeanDefinitionReader Loaded 1 bean definitions from location pattern [context.xml] at org.springframework.beans.factory.support.AbstractBeanDefinitionReader.loadBeanDefinitions(AbstractBeanDefinitionReader.java:185)
2009-07-27 14:51:37,079 [ INFO] org.springframework.context.support.ClassPathXmlApplicationContext Bean factory for application context [org.springframework.context.support.ClassPathXmlApplicationContext@141b571]: org.springframework.beans.factory.support.DefaultListableBeanFactory@497934 at org.springframework.context.support.AbstractApplicationContext.obtainFreshBeanFactory(AbstractApplicationContext.java:426)
2009-07-27 14:51:37,079 [DEBUG] org.springframework.context.support.ClassPathXmlApplicationContext 1 beans defined in org.springframework.context.support.ClassPathXmlApplicationContext@141b571: display name [org.springframework.context.support.ClassPathXmlApplicationContext@141b571]; startup date [Mon Jul 27 14:51:37 MSD 2009]; root of context hierarchy at org.springframework.context.support.AbstractApplicationContext.obtainFreshBeanFactory(AbstractApplicationContext.java:430)
2009-07-27 14:51:37,080 [DEBUG] org.springframework.context.support.ClassPathXmlApplicationContext Unable to locate MessageSource with name 'messageSource': using default [org.springframework.context.support.DelegatingMessageSource@1a80a69] at org.springframework.context.support.AbstractApplicationContext.initMessageSource(AbstractApplicationContext.java:648)
2009-07-27 14:51:37,082 [DEBUG] org.springframework.context.support.ClassPathXmlApplicationContext Unable to locate ApplicationEventMulticaster with name 'applicationEventMulticaster': using default [org.springframework.context.event.SimpleApplicationEventMulticaster@1c0ec97] at org.springframework.context.support.AbstractApplicationContext.initApplicationEventMulticaster(AbstractApplicationContext.java:672)
2009-07-27 14:51:37,083 [ INFO] org.springframework.beans.factory.support.DefaultListableBeanFactory Pre-instantiating singletons in org.springframework.beans.factory.support.DefaultListableBeanFactory@497934: defining beans [wordClassResolver]; root of factory hierarchy at org.springframework.beans.factory.support.DefaultListableBeanFactory.preInstantiateSingletons(DefaultListableBeanFactory.java:414)
2009-07-27 14:51:37,084 [DEBUG] org.springframework.beans.factory.support.DefaultListableBeanFactory Creating shared instance of singleton bean 'wordClassResolver' at org.springframework.beans.factory.support.DefaultSingletonBeanRegistry.getSingleton(DefaultSingletonBeanRegistry.java:214)
2009-07-27 14:51:37,084 [DEBUG] org.springframework.beans.factory.support.DefaultListableBeanFactory Creating instance of bean 'wordClassResolver' at org.springframework.beans.factory.support.AbstractAutowireCapableBeanFactory$1.run(AbstractAutowireCapableBeanFactory.java:383)
2009-07-27 14:51:37,084 [DEBUG] org.springframework.beans.factory.support.DefaultListableBeanFactory Eagerly caching bean 'wordClassResolver' to allow for resolving potential circular references at org.springframework.beans.factory.support.AbstractAutowireCapableBeanFactory.doCreateBean(AbstractAutowireCapableBeanFactory.java:459)
2009-07-27 14:51:37,085 [DEBUG] org.springframework.beans.factory.support.DefaultListableBeanFactory No default init method named 'init' found on bean with name 'wordClassResolver' at org.springframework.beans.factory.support.AbstractAutowireCapableBeanFactory.invokeCustomInitMethod(AbstractAutowireCapableBeanFactory.java:1401)
2009-07-27 14:51:37,085 [DEBUG] org.springframework.beans.factory.support.DefaultListableBeanFactory Finished creating instance of bean 'wordClassResolver' at org.springframework.beans.factory.support.AbstractAutowireCapableBeanFactory$1.run(AbstractAutowireCapableBeanFactory.java:411)
2009-07-27 14:51:37,086 [DEBUG] org.springframework.beans.factory.support.DefaultListableBeanFactory Returning cached instance of singleton bean 'wordClassResolver' at org.springframework.beans.factory.support.AbstractBeanFactory.doGetBean(AbstractBeanFactory.java:214)
2009-07-27 14:51:37,089 [ INFO] dart.blackcat.talker.Boot  : dart.blackcat.talker.ru.Pronoun@ecb281 at dart.blackcat.talker.Boot.main(Boot.java:53)
2009-07-27 14:51:37,089 [ INFO] dart.blackcat.talker.Boot  : null at dart.blackcat.talker.Boot.main(Boot.java:53)
2009-07-27 14:51:37,090 [ INFO] dart.blackcat.talker.Boot  : null at dart.blackcat.talker.Boot.main(Boot.java:53)
2009-07-27 14:51:37,092 [DEBUG] org.springframework.test.context.junit4.SpringMethodRoadie Test method [public void dart.blackcat.talker.AppTest.main()] threw exception: null at org.springframework.test.context.junit4.SpringMethodRoadie.runTestMethod(SpringMethodRoadie.java:256)
2009-07-27 14:51:37,094 [DEBUG] org.springframework.test.context.support.DirtiesContextTestExecutionListener After test method: context [[TestContext@13d93f4 testClass = AppTest, locations = array<String>['classpath:context.xml'], testInstance = dart.blackcat.talker.AppTest@1bca5f1, testMethod = main@AppTest, testException = [null]]], dirtiesContext [false]. at org.springframework.test.context.support.DirtiesContextTestExecutionListener.afterTestMethod(DirtiesContextTestExecutionListener.java:60)
2009-07-27 14:51:37,098 [ INFO] org.springframework.context.support.GenericApplicationContext Closing org.springframework.context.support.GenericApplicationContext@1dfafd1: display name [org.springframework.context.support.GenericApplicationContext@1dfafd1]; startup date [Mon Jul 27 14:51:36 MSD 2009]; root of context hierarchy at org.springframework.context.support.AbstractApplicationContext.doClose(AbstractApplicationContext.java:815)
2009-07-27 14:51:37,099 [ INFO] org.springframework.beans.factory.support.DefaultListableBeanFactory Destroying singletons in org.springframework.beans.factory.support.DefaultListableBeanFactory@4f80d6: defining beans [wordClassResolver,org.springframework.context.annotation.internalCommonAnnotationProcessor,org.springframework.context.annotation.internalAutowiredAnnotationProcessor,org.springframework.context.annotation.internalRequiredAnnotationProcessor]; root of factory hierarchy at org.springframework.beans.factory.support.DefaultSingletonBeanRegistry.destroySingletons(DefaultSingletonBeanRegistry.java:421)
